<?xml version="1.0" encoding="UTF-8"?>
<!-- Generated by org.testng.reporters.JUnitReportReporter -->
<testsuite hostname="Nilesh" failures="0" tests="2" name="testNG.Nestedframe_test" time="0.000" errors="0" timestamp="2023-01-20T07:53:43 IST" skipped="2">
  <testcase classname="testNG.Nestedframe_test" name="reachthepage" time="0.000">
    <skipped/>
  </testcase> <!-- reachthepage -->
  <system-out/>
  <testcase classname="testNG.Nestedframe_test" name="childframe" time="0.000">
    <skipped/>
  </testcase> <!-- childframe -->
  <system-out/>
</testsuite> <!-- testNG.Nestedframe_test -->
