<?xml version="1.0" encoding="UTF-8"?>
<!-- Generated by org.testng.reporters.JUnitReportReporter -->
<testsuite hostname="Nilesh" failures="0" tests="3" name="testNG.Modaldialog_test" time="0.000" errors="0" timestamp="2023-01-20T07:53:43 IST" skipped="3">
  <testcase classname="testNG.Modaldialog_test" name="reachthepage" time="0.000">
    <skipped/>
  </testcase> <!-- reachthepage -->
  <system-out/>
  <testcase classname="testNG.Modaldialog_test" name="firstbutton" time="0.000">
    <skipped/>
  </testcase> <!-- firstbutton -->
  <system-out/>
  <testcase classname="testNG.Modaldialog_test" name="secondbutton" time="0.000">
    <skipped/>
  </testcase> <!-- secondbutton -->
  <system-out/>
</testsuite> <!-- testNG.Modaldialog_test -->
