<?xml version="1.0" encoding="UTF-8"?>
<!-- Generated by org.testng.reporters.JUnitReportReporter -->
<testsuite hostname="Nilesh" failures="0" tests="5" name="testNG.Button_test" time="0.000" errors="0" timestamp="2023-01-20T07:53:43 IST" skipped="5">
  <testcase classname="testNG.Button_test" name="clickonelement" time="0.000">
    <skipped/>
  </testcase> <!-- clickonelement -->
  <system-out/>
  <testcase classname="testNG.Button_test" name="clickonbutton" time="0.000">
    <skipped/>
  </testcase> <!-- clickonbutton -->
  <system-out/>
  <testcase classname="testNG.Button_test" name="click" time="0.000">
    <skipped/>
  </testcase> <!-- click -->
  <system-out/>
  <testcase classname="testNG.Button_test" name="rightclick" time="0.000">
    <skipped/>
  </testcase> <!-- rightclick -->
  <system-out/>
  <testcase classname="testNG.Button_test" name="doubleclick" time="0.000">
    <skipped/>
  </testcase> <!-- doubleclick -->
  <system-out/>
</testsuite> <!-- testNG.Button_test -->
