<?xml version="1.0" encoding="UTF-8"?>
<!-- Generated by org.testng.reporters.JUnitReportReporter -->
<testsuite hostname="Nilesh" failures="0" tests="4" name="testNG.Guru99test" time="0.000" errors="0" timestamp="2023-01-12T07:34:27 IST" skipped="4">
  <testcase classname="testNG.Guru99test" name="id" time="0.000">
    <skipped/>
  </testcase> <!-- id -->
  <system-out/>
  <testcase classname="testNG.Guru99test" name="password" time="0.000">
    <skipped/>
  </testcase> <!-- password -->
  <system-out/>
  <testcase classname="testNG.Guru99test" name="login" time="0.000">
    <skipped/>
  </testcase> <!-- login -->
  <system-out/>
  <testcase classname="testNG.Guru99test" name="varification" time="0.000">
    <skipped/>
  </testcase> <!-- varification -->
  <system-out/>
</testsuite> <!-- testNG.Guru99test -->
