<?xml version="1.0" encoding="UTF-8"?>
<!-- Generated by org.testng.reporters.JUnitReportReporter -->
<testsuite hostname="Nilesh" failures="0" tests="1" name="testNG.Download_upload_test" time="0.000" errors="0" timestamp="2023-01-20T07:53:43 IST" skipped="1">
  <testcase classname="testNG.Download_upload_test" name="clickonelement" time="0.000">
    <skipped/>
  </testcase> <!-- clickonelement -->
  <system-out/>
</testsuite> <!-- testNG.Download_upload_test -->
