<?xml version="1.0" encoding="UTF-8"?>
<!-- Generated by org.testng.reporters.JUnitReportReporter -->
<testsuite hostname="Nilesh" failures="0" tests="5" name="testingjava_pages.Testbox_test" time="0.000" errors="0" timestamp="2023-01-20T07:53:43 IST" skipped="5">
  <testcase classname="testingjava_pages.Testbox_test" name="elements" time="0.000">
    <skipped/>
  </testcase> <!-- elements -->
  <system-out/>
  <testcase classname="testingjava_pages.Testbox_test" name="textbox" time="0.000">
    <skipped/>
  </testcase> <!-- textbox -->
  <system-out/>
  <testcase classname="testingjava_pages.Testbox_test" name="getfilldetails" time="0.000">
    <skipped/>
  </testcase> <!-- getfilldetails -->
  <system-out/>
  <testcase classname="testingjava_pages.Testbox_test" name="clicksubmit" time="0.000">
    <skipped/>
  </testcase> <!-- clicksubmit -->
  <system-out/>
  <testcase classname="testingjava_pages.Testbox_test" name="getvarrified" time="0.000">
    <skipped/>
  </testcase> <!-- getvarrified -->
  <system-out/>
</testsuite> <!-- testingjava_pages.Testbox_test -->
