<?xml version="1.0" encoding="UTF-8"?>
<!-- Generated by org.testng.reporters.JUnitReportReporter -->
<testsuite hostname="Nilesh" failures="0" tests="2" name="testNG.Frametest" time="0.000" errors="0" timestamp="2023-01-20T07:53:43 IST" skipped="2">
  <testcase classname="testNG.Frametest" name="openthepage" time="0.000">
    <skipped/>
  </testcase> <!-- openthepage -->
  <system-out/>
  <testcase classname="testNG.Frametest" name="frame1read" time="0.000">
    <skipped/>
  </testcase> <!-- frame1read -->
  <system-out/>
</testsuite> <!-- testNG.Frametest -->
