<?xml version="1.0" encoding="UTF-8"?>
<!-- Generated by org.testng.reporters.JUnitReportReporter -->
<testsuite hostname="Nilesh" failures="0" tests="3" name="testNG.Change_window_tab_test" time="0.000" errors="0" timestamp="2023-01-20T07:53:43 IST" skipped="3">
  <testcase classname="testNG.Change_window_tab_test" name="clickonalert" time="0.000">
    <skipped/>
  </testcase> <!-- clickonalert -->
  <system-out/>
  <testcase classname="testNG.Change_window_tab_test" name="browser" time="0.000">
    <skipped/>
  </testcase> <!-- browser -->
  <system-out/>
  <testcase classname="testNG.Change_window_tab_test" name="clickontab" time="0.000">
    <skipped/>
  </testcase> <!-- clickontab -->
  <system-out/>
</testsuite> <!-- testNG.Change_window_tab_test -->
