<?xml version="1.0" encoding="UTF-8"?>
<!-- Generated by org.testng.reporters.JUnitReportReporter -->
<testsuite hostname="Nilesh" failures="0" tests="4" name="testNG.Test_excellperiodicity" time="0.000" errors="0" timestamp="2023-01-20T07:53:43 IST" skipped="4">
  <testcase classname="testNG.Test_excellperiodicity" name="clickoniframe" time="0.000">
    <skipped/>
  </testcase> <!-- clickoniframe -->
  <system-out/>
  <testcase classname="testNG.Test_excellperiodicity" name="filldata" time="0.000">
    <skipped/>
  </testcase> <!-- filldata -->
  <system-out/>
  <testcase classname="testNG.Test_excellperiodicity" name="clickonlinks" time="0.000">
    <skipped/>
  </testcase> <!-- clickonlinks -->
  <system-out/>
  <testcase classname="testNG.Test_excellperiodicity" name="clickonclosebtn" time="0.000">
    <skipped/>
  </testcase> <!-- clickonclosebtn -->
  <system-out/>
</testsuite> <!-- testNG.Test_excellperiodicity -->
