<?xml version="1.0" encoding="UTF-8"?>
<!-- Generated by org.testng.reporters.JUnitReportReporter -->
<testsuite hostname="Nilesh" failures="0" tests="5" name="testNG.Changeframetest" time="0.000" errors="0" timestamp="2023-01-20T07:53:43 IST" skipped="5">
  <testcase classname="testNG.Changeframetest" name="clickonalertframe" time="0.000">
    <skipped/>
  </testcase> <!-- clickonalertframe -->
  <system-out/>
  <testcase classname="testNG.Changeframetest" name="clickonframe" time="0.000">
    <skipped/>
  </testcase> <!-- clickonframe -->
  <system-out/>
  <testcase classname="testNG.Changeframetest" name="clickonparentframe" time="0.000">
    <skipped/>
  </testcase> <!-- clickonparentframe -->
  <system-out/>
  <testcase classname="testNG.Changeframetest" name="getdata" time="0.000">
    <skipped/>
  </testcase> <!-- getdata -->
  <system-out/>
  <testcase classname="testNG.Changeframetest" name="getdata2" time="0.000">
    <skipped/>
  </testcase> <!-- getdata2 -->
  <system-out/>
</testsuite> <!-- testNG.Changeframetest -->
