<?xml version="1.0" encoding="UTF-8"?>
<!-- Generated by org.testng.reporters.JUnitReportReporter -->
<testsuite hostname="Nilesh" failures="0" tests="1" name="testNG.LoginTest" time="0.000" errors="0" timestamp="2023-01-20T07:53:43 IST" skipped="1">
  <testcase classname="testNG.LoginTest" name="gettitle" time="0.000">
    <skipped/>
  </testcase> <!-- gettitle -->
  <system-out/>
</testsuite> <!-- testNG.LoginTest -->
