<?xml version="1.0" encoding="UTF-8"?>
<!-- Generated by org.testng.reporters.JUnitReportReporter -->
<testsuite hostname="Nilesh" failures="0" tests="4" name="testNG.Datepick_test" time="0.000" errors="0" timestamp="2023-01-20T07:53:43 IST" skipped="4">
  <testcase classname="testNG.Datepick_test" name="widgetclick" time="0.000">
    <skipped/>
  </testcase> <!-- widgetclick -->
  <system-out/>
  <testcase classname="testNG.Datepick_test" name="datepick" time="0.000">
    <skipped/>
  </testcase> <!-- datepick -->
  <system-out/>
  <testcase classname="testNG.Datepick_test" name="dateform" time="0.000">
    <skipped/>
  </testcase> <!-- dateform -->
  <system-out/>
  <testcase classname="testNG.Datepick_test" name="dateselect" time="0.000">
    <skipped/>
  </testcase> <!-- dateselect -->
  <system-out/>
</testsuite> <!-- testNG.Datepick_test -->
