<?xml version="1.0" encoding="UTF-8"?>
<!-- Generated by org.testng.reporters.JUnitReportReporter -->
<testsuite hostname="Nilesh" failures="0" tests="2" name="testNG.Autocomplete_Test" time="0.000" errors="0" timestamp="2023-01-20T07:53:43 IST" skipped="2">
  <testcase classname="testNG.Autocomplete_Test" name="sendkeys" time="0.000">
    <skipped/>
  </testcase> <!-- sendkeys -->
  <system-out/>
  <testcase classname="testNG.Autocomplete_Test" name="reachthepage" time="0.000">
    <skipped/>
  </testcase> <!-- reachthepage -->
  <system-out/>
</testsuite> <!-- testNG.Autocomplete_Test -->
