<?xml version="1.0" encoding="UTF-8"?>
<!-- Generated by org.testng.reporters.JUnitReportReporter -->
<testsuite hostname="Nilesh" failures="0" tests="3" name="testNG.Upload_download_test" time="0.000" errors="0" timestamp="2023-01-20T07:53:43 IST" skipped="3">
  <testcase classname="testNG.Upload_download_test" name="clickonelement" time="0.000">
    <skipped/>
  </testcase> <!-- clickonelement -->
  <system-out/>
  <testcase classname="testNG.Upload_download_test" name="upload" time="0.000">
    <skipped/>
  </testcase> <!-- upload -->
  <system-out/>
  <testcase classname="testNG.Upload_download_test" name="selectfile" time="0.000">
    <skipped/>
  </testcase> <!-- selectfile -->
  <system-out/>
</testsuite> <!-- testNG.Upload_download_test -->
