<?xml version="1.0" encoding="UTF-8"?>
<!-- Generated by org.testng.reporters.JUnitReportReporter -->
<testsuite hostname="Nilesh" failures="0" tests="4" name="testingjava_pages.Mergeclass" time="0.000" errors="0" timestamp="2023-01-20T07:53:43 IST" skipped="4">
  <testcase classname="testingjava_pages.Mergeclass" name="gettitle" time="0.000">
    <skipped/>
  </testcase> <!-- gettitle -->
  <system-out/>
  <testcase classname="testingjava_pages.Mergeclass" name="type" time="0.000">
    <skipped/>
  </testcase> <!-- type -->
  <system-out/>
  <testcase classname="testingjava_pages.Mergeclass" name="search" time="0.000">
    <skipped/>
  </testcase> <!-- search -->
  <system-out/>
  <testcase classname="testingjava_pages.Mergeclass" name="clickonsong" time="0.000">
    <skipped/>
  </testcase> <!-- clickonsong -->
  <system-out/>
</testsuite> <!-- testingjava_pages.Mergeclass -->
